#
# There is insufficient memory for the Java Runtime Environment to continue.
# Native memory allocation (malloc) failed to allocate 1254896 bytes for Chunk::new
# Possible reasons:
#   The system is out of physical RAM or swap space
#   In 32 bit mode, the process size limit was hit
# Possible solutions:
#   Reduce memory load on the system
#   Increase physical memory or swap space
#   Check if swap backing store is full
#   Use 64 bit Java on a 64 bit OS
#   Decrease Java heap size (-Xmx/-Xms)
#   Decrease number of Java threads
#   Decrease Java thread stack sizes (-Xss)
#   Set larger code cache with -XX:ReservedCodeCacheSize=
# This output file may be truncated or incomplete.
#
#  Out of Memory Error (allocation.cpp:390), pid=22728, tid=0x0000000000002b9c
#
# JRE version: Java(TM) SE Runtime Environment (8.0_171-b11) (build 1.8.0_171-b11)
# Java VM: Java HotSpot(TM) 64-Bit Server VM (25.171-b11 mixed mode windows-amd64 compressed oops)
# Failed to write core dump. Minidumps are not enabled by default on client versions of Windows
#

---------------  T H R E A D  ---------------

Current thread (0x0000000019669000):  JavaThread "C2 CompilerThread1" daemon [_thread_in_native, id=11164, stack(0x000000001a0a0000,0x000000001a1a0000)]

Stack: [0x000000001a0a0000,0x000000001a1a0000]
[error occurred during error reporting (printing stack bounds), id 0xc0000005]

Native frames: (J=compiled Java code, j=interpreted, Vv=VM code, C=native code)


Current CompileTask:
C2:  60600 6439       4       org.eclipse.e4.core.internal.contexts.EclipseContext::trackAccess (32 bytes)


---------------  P R O C E S S  ---------------

Java Threads: ( => current thread )
  0x000000001a9cf800 JavaThread "Java indexing" daemon [_thread_blocked, id=27700, stack(0x0000000026ae0000,0x0000000026be0000)]
  0x000000001a9d1800 JavaThread "Bundle File Closer" daemon [_thread_blocked, id=20696, stack(0x0000000021ee0000,0x0000000021fe0000)]
  0x000000001a9d0000 JavaThread "Worker-0" [_thread_blocked, id=28608, stack(0x00000000217e0000,0x00000000218e0000)]
  0x000000001ab61800 JavaThread "Gogo shell" [_thread_blocked, id=13592, stack(0x000000001dca0000,0x000000001dda0000)]
  0x000000001b18f800 JavaThread "EMF Reference Cleaner" daemon [_thread_blocked, id=22184, stack(0x000000001d8a0000,0x000000001d9a0000)]
  0x000000001b729800 JavaThread "Worker-JM" [_thread_blocked, id=4396, stack(0x000000001d5a0000,0x000000001d6a0000)]
  0x000000001c205000 JavaThread "SCR Component Actor" daemon [_thread_blocked, id=27592, stack(0x000000001d2a0000,0x000000001d3a0000)]
  0x000000001b00f000 JavaThread "Start Level: Equinox Container: 57def914-3241-4017-bf4e-97614715f43f" daemon [_thread_blocked, id=27940, stack(0x000000001d1a0000,0x000000001d2a0000)]
  0x000000001b307800 JavaThread "Framework Event Dispatcher: Equinox Container: 57def914-3241-4017-bf4e-97614715f43f" daemon [_thread_blocked, id=25832, stack(0x000000001d0a0000,0x000000001d1a0000)]
  0x000000001ac48000 JavaThread "Active Thread: Equinox Container: 57def914-3241-4017-bf4e-97614715f43f" [_thread_blocked, id=20584, stack(0x000000001cfa0000,0x000000001d0a0000)]
  0x00000000196d3800 JavaThread "Service Thread" daemon [_thread_blocked, id=26392, stack(0x000000001a2a0000,0x000000001a3a0000)]
  0x0000000019684800 JavaThread "C1 CompilerThread2" daemon [_thread_blocked, id=748, stack(0x000000001a1a0000,0x000000001a2a0000)]
=>0x0000000019669000 JavaThread "C2 CompilerThread1" daemon [_thread_in_native, id=11164, stack(0x000000001a0a0000,0x000000001a1a0000)]
  0x0000000019668800 JavaThread "C2 CompilerThread0" daemon [_thread_blocked, id=28328, stack(0x0000000019fa0000,0x000000001a0a0000)]
  0x000000001967e800 JavaThread "Attach Listener" daemon [_thread_blocked, id=11632, stack(0x0000000019ea0000,0x0000000019fa0000)]
  0x000000001967b800 JavaThread "Signal Dispatcher" daemon [_thread_blocked, id=6520, stack(0x0000000019da0000,0x0000000019ea0000)]
  0x000000001967a800 JavaThread "Surrogate Locker Thread (Concurrent GC)" daemon [_thread_blocked, id=27896, stack(0x0000000019ca0000,0x0000000019da0000)]
  0x00000000195f0800 JavaThread "Finalizer" daemon [_thread_blocked, id=25816, stack(0x0000000019aa0000,0x0000000019ba0000)]
  0x00000000195e3000 JavaThread "Reference Handler" daemon [_thread_blocked, id=17072, stack(0x00000000199a0000,0x0000000019aa0000)]
  0x00000000038a0800 JavaThread "main" [_thread_in_native, id=27288, stack(0x00000000008c0000,0x00000000009c0000)]

Other Threads:
  0x000000001897d800 VMThread [stack: 0x00000000198a0000,0x00000000199a0000] [id=18588]
  0x000000001972f800 WatcherThread [stack: 0x000000001a3a0000,0x000000001a4a0000] [id=26116]

VM state:not at safepoint (normal execution)

VM Mutex/Monitor currently owned by a thread: None

Heap:
 garbage-first heap   total 262144K, used 99327K [0x00000000c0000000, 0x00000000c0100800, 0x0000000100000000)
  region size 1024K, 44 young (45056K), 5 survivors (5120K)
 Metaspace       used 60583K, capacity 68502K, committed 68808K, reserved 1107968K
  class space    used 7247K, capacity 9322K, committed 9420K, reserved 1048576K

Heap Regions: (Y=young(eden), SU=young(survivor), HS=humongous(starts), HC=humongous(continues), CS=collection set, F=free, TS=gc time stamp, PTAMS=previous top-at-mark-start, NTAMS=next top-at-mark-start)
AC   0  O    TS     0 PTAMS 0x00000000c0100000 NTAMS 0x00000000c0100000 space 1024K, 100% used [0x00000000c0000000, 0x00000000c0100000)
AC   0  O    TS     0 PTAMS 0x00000000c0200000 NTAMS 0x00000000c0200000 space 1024K, 100% used [0x00000000c0100000, 0x00000000c0200000)
AC   0  O    TS     0 PTAMS 0x00000000c0300000 NTAMS 0x00000000c0300000 space 1024K, 100% used [0x00000000c0200000, 0x00000000c0300000)
AC   0  O    TS     0 PTAMS 0x00000000c0400000 NTAMS 0x00000000c0400000 space 1024K, 100% used [0x00000000c0300000, 0x00000000c0400000)
AC   0  O    TS     0 PTAMS 0x00000000c0500000 NTAMS 0x00000000c0500000 space 1024K, 100% used [0x00000000c0400000, 0x00000000c0500000)
AC   0  O    TS     0 PTAMS 0x00000000c0600000 NTAMS 0x00000000c0600000 space 1024K, 100% used [0x00000000c0500000, 0x00000000c0600000)
AC   0  O    TS     0 PTAMS 0x00000000c0700000 NTAMS 0x00000000c0700000 space 1024K, 100% used [0x00000000c0600000, 0x00000000c0700000)
AC   0  O    TS     0 PTAMS 0x00000000c0800000 NTAMS 0x00000000c0800000 space 1024K, 100% used [0x00000000c0700000, 0x00000000c0800000)
AC   0  O    TS     0 PTAMS 0x00000000c0900000 NTAMS 0x00000000c0900000 space 1024K, 100% used [0x00000000c0800000, 0x00000000c0900000)
AC   0  O    TS     0 PTAMS 0x00000000c0a00000 NTAMS 0x00000000c0a00000 space 1024K, 100% used [0x00000000c0900000, 0x00000000c0a00000)
AC   0  F    TS     0 PTAMS 0x00000000c0a00000 NTAMS 0x00000000c0a00000 space 1024K,   0% used [0x00000000c0a00000, 0x00000000c0b00000)
AC   0  O    TS     0 PTAMS 0x00000000c0c00000 NTAMS 0x00000000c0c00000 space 1024K, 100% used [0x00000000c0b00000, 0x00000000c0c00000)
AC   0  O    TS     0 PTAMS 0x00000000c0d00000 NTAMS 0x00000000c0d00000 space 1024K, 100% used [0x00000000c0c00000, 0x00000000c0d00000)
AC   0  O    TS     0 PTAMS 0x00000000c0e00000 NTAMS 0x00000000c0e00000 space 1024K, 100% used [0x00000000c0d00000, 0x00000000c0e00000)
AC   0  O    TS     0 PTAMS 0x00000000c0f00000 NTAMS 0x00000000c0f00000 space 1024K, 100% used [0x00000000c0e00000, 0x00000000c0f00000)
AC   0  O    TS     0 PTAMS 0x00000000c1000000 NTAMS 0x00000000c1000000 space 1024K, 100% used [0x00000000c0f00000, 0x00000000c1000000)
AC   0  O    TS     0 PTAMS 0x00000000c1100000 NTAMS 0x00000000c1100000 space 1024K, 100% used [0x00000000c1000000, 0x00000000c1100000)
AC   0  O    TS     0 PTAMS 0x00000000c1200000 NTAMS 0x00000000c1200000 space 1024K, 100% used [0x00000000c1100000, 0x00000000c1200000)
AC   0  O    TS     0 PTAMS 0x00000000c1300000 NTAMS 0x00000000c1300000 space 1024K, 100% used [0x00000000c1200000, 0x00000000c1300000)
AC   0  O    TS     0 PTAMS 0x00000000c1400000 NTAMS 0x00000000c1400000 space 1024K, 100% used [0x00000000c1300000, 0x00000000c1400000)
AC   0  O    TS     0 PTAMS 0x00000000c1500000 NTAMS 0x00000000c1500000 space 1024K, 100% used [0x00000000c1400000, 0x00000000c1500000)
AC   0  O    TS     0 PTAMS 0x00000000c1600000 NTAMS 0x00000000c1600000 space 1024K, 100% used [0x00000000c1500000, 0x00000000c1600000)
AC   0  O    TS     0 PTAMS 0x00000000c1700000 NTAMS 0x00000000c1700000 space 1024K, 100% used [0x00000000c1600000, 0x00000000c1700000)
AC   0  O    TS     0 PTAMS 0x00000000c1800000 NTAMS 0x00000000c1800000 space 1024K, 100% used [0x00000000c1700000, 0x00000000c1800000)
AC   0  O    TS     0 PTAMS 0x00000000c1900000 NTAMS 0x00000000c1900000 space 1024K, 100% used [0x00000000c1800000, 0x00000000c1900000)
AC   0  O    TS     0 PTAMS 0x00000000c1a00000 NTAMS 0x00000000c1a00000 space 1024K, 100% used [0x00000000c1900000, 0x00000000c1a00000)
AC   0  O    TS     0 PTAMS 0x00000000c1b00000 NTAMS 0x00000000c1b00000 space 1024K, 100% used [0x00000000c1a00000, 0x00000000c1b00000)
AC   0  O    TS     0 PTAMS 0x00000000c1c00000 NTAMS 0x00000000c1c00000 space 1024K, 100% used [0x00000000c1b00000, 0x00000000c1c00000)
AC   0  O    TS     0 PTAMS 0x00000000c1d00000 NTAMS 0x00000000c1d00000 space 1024K, 100% used [0x00000000c1c00000, 0x00000000c1d00000)
AC   0  O    TS     0 PTAMS 0x00000000c1e00000 NTAMS 0x00000000c1e00000 space 1024K, 100% used [0x00000000c1d00000, 0x00000000c1e00000)
AC   0  O    TS     0 PTAMS 0x00000000c1f00000 NTAMS 0x00000000c1f00000 space 1024K, 100% used [0x00000000c1e00000, 0x00000000c1f00000)
AC   0  O    TS     0 PTAMS 0x00000000c2000000 NTAMS 0x00000000c2000000 space 1024K, 100% used [0x00000000c1f00000, 0x00000000c2000000)
AC   0  O    TS     0 PTAMS 0x00000000c2100000 NTAMS 0x00000000c2100000 space 1024K, 100% used [0x00000000c2000000, 0x00000000c2100000)
AC   0  O    TS     0 PTAMS 0x00000000c2200000 NTAMS 0x00000000c2200000 space 1024K, 100% used [0x00000000c2100000, 0x00000000c2200000)
AC   0  F    TS     0 PTAMS 0x00000000c2200000 NTAMS 0x00000000c2200000 space 1024K,   0% used [0x00000000c2200000, 0x00000000c2300000)
AC   0  F    TS     0 PTAMS 0x00000000c2300000 NTAMS 0x00000000c2300000 space 1024K,   0% used [0x00000000c2300000, 0x00000000c2400000)
AC   0  F    TS     0 PTAMS 0x00000000c2400000 NTAMS 0x00000000c2400000 space 1024K,   0% used [0x00000000c2400000, 0x00000000c2500000)
AC   0  F    TS     0 PTAMS 0x00000000c2500000 NTAMS 0x00000000c2500000 space 1024K,   0% used [0x00000000c2500000, 0x00000000c2600000)
AC   0  F    TS     0 PTAMS 0x00000000c2600000 NTAMS 0x00000000c2600000 space 1024K,   0% used [0x00000000c2600000, 0x00000000c2700000)
AC   0  F    TS     0 PTAMS 0x00000000c2700000 NTAMS 0x00000000c2700000 space 1024K,   0% used [0x00000000c2700000, 0x00000000c2800000)
AC   0  F    TS     0 PTAMS 0x00000000c2800000 NTAMS 0x00000000c2800000 space 1024K,   0% used [0x00000000c2800000, 0x00000000c2900000)
AC   0  F    TS     0 PTAMS 0x00000000c2900000 NTAMS 0x00000000c2900000 space 1024K,   0% used [0x00000000c2900000, 0x00000000c2a00000)
AC   0  F    TS     0 PTAMS 0x00000000c2a00000 NTAMS 0x00000000c2a00000 space 1024K,   0% used [0x00000000c2a00000, 0x00000000c2b00000)
AC   0  F    TS     0 PTAMS 0x00000000c2b00000 NTAMS 0x00000000c2b00000 space 1024K,   0% used [0x00000000c2b00000, 0x00000000c2c00000)
AC   0  F    TS     0 PTAMS 0x00000000c2c00000 NTAMS 0x00000000c2c00000 space 1024K,   0% used [0x00000000c2c00000, 0x00000000c2d00000)
AC   0  F    TS     0 PTAMS 0x00000000c2d00000 NTAMS 0x00000000c2d00000 space 1024K,   0% used [0x00000000c2d00000, 0x00000000c2e00000)
AC   0  F    TS     0 PTAMS 0x00000000c2e00000 NTAMS 0x00000000c2e00000 space 1024K,   0% used [0x00000000c2e00000, 0x00000000c2f00000)
AC   0  F    TS     0 PTAMS 0x00000000c2f00000 NTAMS 0x00000000c2f00000 space 1024K,   0% used [0x00000000c2f00000, 0x00000000c3000000)
AC   0  O    TS     0 PTAMS 0x00000000c3100000 NTAMS 0x00000000c3100000 space 1024K, 100% used [0x00000000c3000000, 0x00000000c3100000)
AC   0  O    TS     0 PTAMS 0x00000000c3200000 NTAMS 0x00000000c3200000 space 1024K, 100% used [0x00000000c3100000, 0x00000000c3200000)
AC   0  O    TS     0 PTAMS 0x00000000c3300000 NTAMS 0x00000000c3300000 space 1024K, 100% used [0x00000000c3200000, 0x00000000c3300000)
AC   0  O    TS     0 PTAMS 0x00000000c3400000 NTAMS 0x00000000c3400000 space 1024K, 100% used [0x00000000c3300000, 0x00000000c3400000)
AC   0  O    TS     0 PTAMS 0x00000000c3500000 NTAMS 0x00000000c3500000 space 1024K, 100% used [0x00000000c3400000, 0x00000000c3500000)
AC   0  O    TS     0 PTAMS 0x00000000c3600000 NTAMS 0x00000000c3600000 space 1024K, 100% used [0x00000000c3500000, 0x00000000c3600000)
AC   0  O    TS     0 PTAMS 0x00000000c3700000 NTAMS 0x00000000c3700000 space 1024K, 100% used [0x00000000c3600000, 0x00000000c3700000)
AC   0  O    TS     0 PTAMS 0x00000000c3800000 NTAMS 0x00000000c3800000 space 1024K, 100% used [0x00000000c3700000, 0x00000000c3800000)
AC   0  O    TS     0 PTAMS 0x00000000c3900000 NTAMS 0x00000000c3900000 space 1024K, 100% used [0x00000000c3800000, 0x00000000c3900000)
AC   0  O    TS     0 PTAMS 0x00000000c3a00000 NTAMS 0x00000000c3a00000 space 1024K, 100% used [0x00000000c3900000, 0x00000000c3a00000)
AC   0  O    TS     0 PTAMS 0x00000000c3b00000 NTAMS 0x00000000c3b00000 space 1024K, 100% used [0x00000000c3a00000, 0x00000000c3b00000)
AC   0  O    TS     0 PTAMS 0x00000000c3c00000 NTAMS 0x00000000c3c00000 space 1024K, 100% used [0x00000000c3b00000, 0x00000000c3c00000)
AC   0  O    TS     0 PTAMS 0x00000000c3d00000 NTAMS 0x00000000c3d00000 space 1024K, 100% used [0x00000000c3c00000, 0x00000000c3d00000)
AC   0  O    TS     0 PTAMS 0x00000000c3e00000 NTAMS 0x00000000c3e00000 space 1024K, 100% used [0x00000000c3d00000, 0x00000000c3e00000)
AC   0  O    TS     0 PTAMS 0x00000000c3f00000 NTAMS 0x00000000c3f00000 space 1024K, 100% used [0x00000000c3e00000, 0x00000000c3f00000)
AC   0  O    TS     0 PTAMS 0x00000000c4000000 NTAMS 0x00000000c4000000 space 1024K, 100% used [0x00000000c3f00000, 0x00000000c4000000)
AC   0  O    TS     0 PTAMS 0x00000000c4100000 NTAMS 0x00000000c4100000 space 1024K, 100% used [0x00000000c4000000, 0x00000000c4100000)
AC   0  O    TS     0 PTAMS 0x00000000c4200000 NTAMS 0x00000000c4200000 space 1024K, 100% used [0x00000000c4100000, 0x00000000c4200000)
AC   0  O    TS     0 PTAMS 0x00000000c4300000 NTAMS 0x00000000c4300000 space 1024K, 100% used [0x00000000c4200000, 0x00000000c4300000)
AC   0  O    TS     0 PTAMS 0x00000000c4400000 NTAMS 0x00000000c4400000 space 1024K, 100% used [0x00000000c4300000, 0x00000000c4400000)
AC   0  O    TS     0 PTAMS 0x00000000c4500000 NTAMS 0x00000000c4500000 space 1024K, 100% used [0x00000000c4400000, 0x00000000c4500000)
AC   0  F    TS     0 PTAMS 0x00000000c4500000 NTAMS 0x00000000c4500000 space 1024K,   0% used [0x00000000c4500000, 0x00000000c4600000)
AC   0  F    TS     0 PTAMS 0x00000000c4600000 NTAMS 0x00000000c4600000 space 1024K,   0% used [0x00000000c4600000, 0x00000000c4700000)
AC   0  F    TS     0 PTAMS 0x00000000c4700000 NTAMS 0x00000000c4700000 space 1024K,   0% used [0x00000000c4700000, 0x00000000c4800000)
AC   0  F    TS     0 PTAMS 0x00000000c4800000 NTAMS 0x00000000c4800000 space 1024K,   0% used [0x00000000c4800000, 0x00000000c4900000)
AC   0  F    TS     0 PTAMS 0x00000000c4900000 NTAMS 0x00000000c4900000 space 1024K,   0% used [0x00000000c4900000, 0x00000000c4a00000)
AC   0  F    TS     0 PTAMS 0x00000000c4a00000 NTAMS 0x00000000c4a00000 space 1024K,   0% used [0x00000000c4a00000, 0x00000000c4b00000)
AC   0  F    TS     0 PTAMS 0x00000000c4b00000 NTAMS 0x00000000c4b00000 space 1024K,   0% used [0x00000000c4b00000, 0x00000000c4c00000)
AC   0  F    TS     0 PTAMS 0x00000000c4c00000 NTAMS 0x00000000c4c00000 space 1024K,   0% used [0x00000000c4c00000, 0x00000000c4d00000)
AC   0  F    TS     0 PTAMS 0x00000000c4d00000 NTAMS 0x00000000c4d00000 space 1024K,   0% used [0x00000000c4d00000, 0x00000000c4e00000)
AC   0  F    TS     0 PTAMS 0x00000000c4e00000 NTAMS 0x00000000c4e00000 space 1024K,   0% used [0x00000000c4e00000, 0x00000000c4f00000)
AC   0  F    TS     0 PTAMS 0x00000000c4f00000 NTAMS 0x00000000c4f00000 space 1024K,   0% used [0x00000000c4f00000, 0x00000000c5000000)
AC   0  F    TS     0 PTAMS 0x00000000c5000000 NTAMS 0x00000000c5000000 space 1024K,   0% used [0x00000000c5000000, 0x00000000c5100000)
AC   0  F    TS     0 PTAMS 0x00000000c5100000 NTAMS 0x00000000c5100000 space 1024K,   0% used [0x00000000c5100000, 0x00000000c5200000)
AC   0  F    TS     0 PTAMS 0x00000000c5200000 NTAMS 0x00000000c5200000 space 1024K,   0% used [0x00000000c5200000, 0x00000000c5300000)
AC   0  F    TS     0 PTAMS 0x00000000c5300000 NTAMS 0x00000000c5300000 space 1024K,   0% used [0x00000000c5300000, 0x00000000c5400000)
AC   0  F    TS     0 PTAMS 0x00000000c5400000 NTAMS 0x00000000c5400000 space 1024K,   0% used [0x00000000c5400000, 0x00000000c5500000)
AC   0  F    TS     0 PTAMS 0x00000000c5500000 NTAMS 0x00000000c5500000 space 1024K,   0% used [0x00000000c5500000, 0x00000000c5600000)
AC   0  F    TS     0 PTAMS 0x00000000c5600000 NTAMS 0x00000000c5600000 space 1024K,   0% used [0x00000000c5600000, 0x00000000c5700000)
AC   0  F    TS     0 PTAMS 0x00000000c5700000 NTAMS 0x00000000c5700000 space 1024K,   0% used [0x00000000c5700000, 0x00000000c5800000)
AC   0  F    TS     0 PTAMS 0x00000000c5800000 NTAMS 0x00000000c5800000 space 1024K,   0% used [0x00000000c5800000, 0x00000000c5900000)
AC   0  F    TS     0 PTAMS 0x00000000c5900000 NTAMS 0x00000000c5900000 space 1024K,   0% used [0x00000000c5900000, 0x00000000c5a00000)
AC   0  F    TS     0 PTAMS 0x00000000c5a00000 NTAMS 0x00000000c5a00000 space 1024K,   0% used [0x00000000c5a00000, 0x00000000c5b00000)
AC   0  F    TS     0 PTAMS 0x00000000c5b00000 NTAMS 0x00000000c5b00000 space 1024K,   0% used [0x00000000c5b00000, 0x00000000c5c00000)
AC   0  F    TS     0 PTAMS 0x00000000c5c00000 NTAMS 0x00000000c5c00000 space 1024K,   0% used [0x00000000c5c00000, 0x00000000c5d00000)
AC   0  F    TS     0 PTAMS 0x00000000c5d00000 NTAMS 0x00000000c5d00000 space 1024K,   0% used [0x00000000c5d00000, 0x00000000c5e00000)
AC   0  F    TS     0 PTAMS 0x00000000c5e00000 NTAMS 0x00000000c5e00000 space 1024K,   0% used [0x00000000c5e00000, 0x00000000c5f00000)
AC   0  F    TS     0 PTAMS 0x00000000c5f00000 NTAMS 0x00000000c5f00000 space 1024K,   0% used [0x00000000c5f00000, 0x00000000c6000000)
AC   0  F    TS     0 PTAMS 0x00000000c6000000 NTAMS 0x00000000c6000000 space 1024K,   0% used [0x00000000c6000000, 0x00000000c6100000)
AC   0  F    TS     0 PTAMS 0x00000000c6100000 NTAMS 0x00000000c6100000 space 1024K,   0% used [0x00000000c6100000, 0x00000000c6200000)
AC   0  F    TS     0 PTAMS 0x00000000c6200000 NTAMS 0x00000000c6200000 space 1024K,   0% used [0x00000000c6200000, 0x00000000c6300000)
AC   0  F    TS     0 PTAMS 0x00000000c6300000 NTAMS 0x00000000c6300000 space 1024K,   0% used [0x00000000c6300000, 0x00000000c6400000)
AC   0  F    TS     0 PTAMS 0x00000000c6400000 NTAMS 0x00000000c6400000 space 1024K,   0% used [0x00000000c6400000, 0x00000000c6500000)
AC   0  F    TS     0 PTAMS 0x00000000c6500000 NTAMS 0x00000000c6500000 space 1024K,   0% used [0x00000000c6500000, 0x00000000c6600000)
AC   0  F    TS     0 PTAMS 0x00000000c6600000 NTAMS 0x00000000c6600000 space 1024K,   0% used [0x00000000c6600000, 0x00000000c6700000)
AC   0  F    TS     0 PTAMS 0x00000000c6700000 NTAMS 0x00000000c6700000 space 1024K,   0% used [0x00000000c6700000, 0x00000000c6800000)
AC   0  F    TS     0 PTAMS 0x00000000c6800000 NTAMS 0x00000000c6800000 space 1024K,   0% used [0x00000000c6800000, 0x00000000c6900000)
AC   0  F    TS     0 PTAMS 0x00000000c6900000 NTAMS 0x00000000c6900000 space 1024K,   0% used [0x00000000c6900000, 0x00000000c6a00000)
AC   0  F    TS     0 PTAMS 0x00000000c6a00000 NTAMS 0x00000000c6a00000 space 1024K,   0% used [0x00000000c6a00000, 0x00000000c6b00000)
AC   0  F    TS     0 PTAMS 0x00000000c6b00000 NTAMS 0x00000000c6b00000 space 1024K,   0% used [0x00000000c6b00000, 0x00000000c6c00000)
AC   0  F    TS     0 PTAMS 0x00000000c6c00000 NTAMS 0x00000000c6c00000 space 1024K,   0% used [0x00000000c6c00000, 0x00000000c6d00000)
AC   0  F    TS     0 PTAMS 0x00000000c6d00000 NTAMS 0x00000000c6d00000 space 1024K,   0% used [0x00000000c6d00000, 0x00000000c6e00000)
AC   0  F    TS     0 PTAMS 0x00000000c6e00000 NTAMS 0x00000000c6e00000 space 1024K,   0% used [0x00000000c6e00000, 0x00000000c6f00000)
AC   0  F    TS     0 PTAMS 0x00000000c6f00000 NTAMS 0x00000000c6f00000 space 1024K,   0% used [0x00000000c6f00000, 0x00000000c7000000)
AC   0  F    TS     0 PTAMS 0x00000000c7000000 NTAMS 0x00000000c7000000 space 1024K,   0% used [0x00000000c7000000, 0x00000000c7100000)
AC   0  F    TS     0 PTAMS 0x00000000c7100000 NTAMS 0x00000000c7100000 space 1024K,   0% used [0x00000000c7100000, 0x00000000c7200000)
AC   0  F    TS     0 PTAMS 0x00000000c7200000 NTAMS 0x00000000c7200000 space 1024K,   0% used [0x00000000c7200000, 0x00000000c7300000)
AC   0  F    TS     0 PTAMS 0x00000000c7300000 NTAMS 0x00000000c7300000 space 1024K,   0% used [0x00000000c7300000, 0x00000000c7400000)
AC   0  F    TS     0 PTAMS 0x00000000c7400000 NTAMS 0x00000000c7400000 space 1024K,   0% used [0x00000000c7400000, 0x00000000c7500000)
AC   0  F    TS     0 PTAMS 0x00000000c7500000 NTAMS 0x00000000c7500000 space 1024K,   0% used [0x00000000c7500000, 0x00000000c7600000)
AC   0  F    TS     0 PTAMS 0x00000000c7600000 NTAMS 0x00000000c7600000 space 1024K,   0% used [0x00000000c7600000, 0x00000000c7700000)
AC   0  F    TS     0 PTAMS 0x00000000c7700000 NTAMS 0x00000000c7700000 space 1024K,   0% used [0x00000000c7700000, 0x00000000c7800000)
AC   0  F    TS     0 PTAMS 0x00000000c7800000 NTAMS 0x00000000c7800000 space 1024K,   0% used [0x00000000c7800000, 0x00000000c7900000)
AC   0  F    TS     0 PTAMS 0x00000000c7900000 NTAMS 0x00000000c7900000 space 1024K,   0% used [0x00000000c7900000, 0x00000000c7a00000)
AC   0  F    TS     0 PTAMS 0x00000000c7a00000 NTAMS 0x00000000c7a00000 space 1024K,   0% used [0x00000000c7a00000, 0x00000000c7b00000)
AC   0  F    TS     0 PTAMS 0x00000000c7b00000 NTAMS 0x00000000c7b00000 space 1024K,   0% used [0x00000000c7b00000, 0x00000000c7c00000)
AC   0  F    TS     0 PTAMS 0x00000000c7c00000 NTAMS 0x00000000c7c00000 space 1024K,   0% used [0x00000000c7c00000, 0x00000000c7d00000)
AC   0  F    TS     0 PTAMS 0x00000000c7d00000 NTAMS 0x00000000c7d00000 space 1024K,   0% used [0x00000000c7d00000, 0x00000000c7e00000)
AC   0  F    TS     0 PTAMS 0x00000000c7e00000 NTAMS 0x00000000c7e00000 space 1024K,   0% used [0x00000000c7e00000, 0x00000000c7f00000)
AC   0  F    TS     0 PTAMS 0x00000000c7f00000 NTAMS 0x00000000c7f00000 space 1024K,   0% used [0x00000000c7f00000, 0x00000000c8000000)
AC   0  F    TS     0 PTAMS 0x00000000c8000000 NTAMS 0x00000000c8000000 space 1024K,   0% used [0x00000000c8000000, 0x00000000c8100000)
AC   0  F    TS     0 PTAMS 0x00000000c8100000 NTAMS 0x00000000c8100000 space 1024K,   0% used [0x00000000c8100000, 0x00000000c8200000)
AC   0  F    TS     0 PTAMS 0x00000000c8200000 NTAMS 0x00000000c8200000 space 1024K,   0% used [0x00000000c8200000, 0x00000000c8300000)
AC   0  F    TS     0 PTAMS 0x00000000c8300000 NTAMS 0x00000000c8300000 space 1024K,   0% used [0x00000000c8300000, 0x00000000c8400000)
AC   0  F    TS     0 PTAMS 0x00000000c8400000 NTAMS 0x00000000c8400000 space 1024K,   0% used [0x00000000c8400000, 0x00000000c8500000)
AC   0  F    TS     0 PTAMS 0x00000000c8500000 NTAMS 0x00000000c8500000 space 1024K,   0% used [0x00000000c8500000, 0x00000000c8600000)
AC   0  F    TS     0 PTAMS 0x00000000c8600000 NTAMS 0x00000000c8600000 space 1024K,   0% used [0x00000000c8600000, 0x00000000c8700000)
AC   0  F    TS     0 PTAMS 0x00000000c8700000 NTAMS 0x00000000c8700000 space 1024K,   0% used [0x00000000c8700000, 0x00000000c8800000)
AC   0  F    TS     0 PTAMS 0x00000000c8800000 NTAMS 0x00000000c8800000 space 1024K,   0% used [0x00000000c8800000, 0x00000000c8900000)
AC   0  F    TS     0 PTAMS 0x00000000c8900000 NTAMS 0x00000000c8900000 space 1024K,   0% used [0x00000000c8900000, 0x00000000c8a00000)
AC   0  F    TS     0 PTAMS 0x00000000c8a00000 NTAMS 0x00000000c8a00000 space 1024K,   0% used [0x00000000c8a00000, 0x00000000c8b00000)
AC   0  F    TS     0 PTAMS 0x00000000c8b00000 NTAMS 0x00000000c8b00000 space 1024K,   0% used [0x00000000c8b00000, 0x00000000c8c00000)
AC   0  F    TS     0 PTAMS 0x00000000c8c00000 NTAMS 0x00000000c8c00000 space 1024K,   0% used [0x00000000c8c00000, 0x00000000c8d00000)
AC   0  F    TS     0 PTAMS 0x00000000c8d00000 NTAMS 0x00000000c8d00000 space 1024K,   0% used [0x00000000c8d00000, 0x00000000c8e00000)
AC   0  F    TS     0 PTAMS 0x00000000c8e00000 NTAMS 0x00000000c8e00000 space 1024K,   0% used [0x00000000c8e00000, 0x00000000c8f00000)
AC   0  F    TS     0 PTAMS 0x00000000c8f00000 NTAMS 0x00000000c8f00000 space 1024K,   0% used [0x00000000c8f00000, 0x00000000c9000000)
AC   0  F    TS     0 PTAMS 0x00000000c9000000 NTAMS 0x00000000c9000000 space 1024K,   0% used [0x00000000c9000000, 0x00000000c9100000)
AC   0  F    TS     0 PTAMS 0x00000000c9100000 NTAMS 0x00000000c9100000 space 1024K,   0% used [0x00000000c9100000, 0x00000000c9200000)
AC   0  F    TS     0 PTAMS 0x00000000c9200000 NTAMS 0x00000000c9200000 space 1024K,   0% used [0x00000000c9200000, 0x00000000c9300000)
AC   0  F    TS     0 PTAMS 0x00000000c9300000 NTAMS 0x00000000c9300000 space 1024K,   0% used [0x00000000c9300000, 0x00000000c9400000)
AC   0  F    TS     0 PTAMS 0x00000000c9400000 NTAMS 0x00000000c9400000 space 1024K,   0% used [0x00000000c9400000, 0x00000000c9500000)
AC   0  F    TS     0 PTAMS 0x00000000c9500000 NTAMS 0x00000000c9500000 space 1024K,   0% used [0x00000000c9500000, 0x00000000c9600000)
AC   0  F    TS     0 PTAMS 0x00000000c9600000 NTAMS 0x00000000c9600000 space 1024K,   0% used [0x00000000c9600000, 0x00000000c9700000)
AC   0  F    TS     0 PTAMS 0x00000000c9700000 NTAMS 0x00000000c9700000 space 1024K,   0% used [0x00000000c9700000, 0x00000000c9800000)
AC   0  F    TS     0 PTAMS 0x00000000c9800000 NTAMS 0x00000000c9800000 space 1024K,   0% used [0x00000000c9800000, 0x00000000c9900000)
AC   0  F    TS     0 PTAMS 0x00000000c9900000 NTAMS 0x00000000c9900000 space 1024K,   0% used [0x00000000c9900000, 0x00000000c9a00000)
AC   0  F    TS     0 PTAMS 0x00000000c9a00000 NTAMS 0x00000000c9a00000 space 1024K,   0% used [0x00000000c9a00000, 0x00000000c9b00000)
AC   0  F    TS     0 PTAMS 0x00000000c9b00000 NTAMS 0x00000000c9b00000 space 1024K,   0% used [0x00000000c9b00000, 0x00000000c9c00000)
AC   0  F    TS     0 PTAMS 0x00000000c9c00000 NTAMS 0x00000000c9c00000 space 1024K,   0% used [0x00000000c9c00000, 0x00000000c9d00000)
AC   0  F    TS     0 PTAMS 0x00000000c9d00000 NTAMS 0x00000000c9d00000 space 1024K,   0% used [0x00000000c9d00000, 0x00000000c9e00000)
AC   0  F    TS     0 PTAMS 0x00000000c9e00000 NTAMS 0x00000000c9e00000 space 1024K,   0% used [0x00000000c9e00000, 0x00000000c9f00000)
AC   0  F    TS     0 PTAMS 0x00000000c9f00000 NTAMS 0x00000000c9f00000 space 1024K,   0% used [0x00000000c9f00000, 0x00000000ca000000)
AC   0  F    TS     0 PTAMS 0x00000000ca000000 NTAMS 0x00000000ca000000 space 1024K,   0% used [0x00000000ca000000, 0x00000000ca100000)
AC   0  F    TS     0 PTAMS 0x00000000ca100000 NTAMS 0x00000000ca100000 space 1024K,   0% used [0x00000000ca100000, 0x00000000ca200000)
AC   0  F    TS     0 PTAMS 0x00000000ca200000 NTAMS 0x00000000ca200000 space 1024K,   0% used [0x00000000ca200000, 0x00000000ca300000)
AC   0  F    TS     0 PTAMS 0x00000000ca300000 NTAMS 0x00000000ca300000 space 1024K,   0% used [0x00000000ca300000, 0x00000000ca400000)
AC   0  F    TS     0 PTAMS 0x00000000ca400000 NTAMS 0x00000000ca400000 space 1024K,   0% used [0x00000000ca400000, 0x00000000ca500000)
AC   0  F    TS     0 PTAMS 0x00000000ca500000 NTAMS 0x00000000ca500000 space 1024K,   0% used [0x00000000ca500000, 0x00000000ca600000)
AC   0  F    TS     0 PTAMS 0x00000000ca600000 NTAMS 0x00000000ca600000 space 1024K,   0% used [0x00000000ca600000, 0x00000000ca700000)
AC   0  F    TS     0 PTAMS 0x00000000ca700000 NTAMS 0x00000000ca700000 space 1024K,   0% used [0x00000000ca700000, 0x00000000ca800000)
AC   0  F    TS     0 PTAMS 0x00000000ca800000 NTAMS 0x00000000ca800000 space 1024K,   0% used [0x00000000ca800000, 0x00000000ca900000)
AC   0  F    TS     0 PTAMS 0x00000000ca900000 NTAMS 0x00000000ca900000 space 1024K,   0% used [0x00000000ca900000, 0x00000000caa00000)
AC   0  F    TS     0 PTAMS 0x00000000caa00000 NTAMS 0x00000000caa00000 space 1024K,   0% used [0x00000000caa00000, 0x00000000cab00000)
AC   0  F    TS     0 PTAMS 0x00000000cab00000 NTAMS 0x00000000cab00000 space 1024K,   0% used [0x00000000cab00000, 0x00000000cac00000)
AC   0  F    TS     0 PTAMS 0x00000000cac00000 NTAMS 0x00000000cac00000 space 1024K,   0% used [0x00000000cac00000, 0x00000000cad00000)
AC   0  F    TS     0 PTAMS 0x00000000cad00000 NTAMS 0x00000000cad00000 space 1024K,   0% used [0x00000000cad00000, 0x00000000cae00000)
AC   0  F    TS     0 PTAMS 0x00000000cae00000 NTAMS 0x00000000cae00000 space 1024K,   0% used [0x00000000cae00000, 0x00000000caf00000)
AC   0  F    TS     0 PTAMS 0x00000000caf00000 NTAMS 0x00000000caf00000 space 1024K,   0% used [0x00000000caf00000, 0x00000000cb000000)
AC   0  F    TS     0 PTAMS 0x00000000cb000000 NTAMS 0x00000000cb000000 space 1024K,   0% used [0x00000000cb000000, 0x00000000cb100000)
AC   0  F    TS     0 PTAMS 0x00000000cb100000 NTAMS 0x00000000cb100000 space 1024K,   0% used [0x00000000cb100000, 0x00000000cb200000)
AC   0  F    TS     0 PTAMS 0x00000000cb200000 NTAMS 0x00000000cb200000 space 1024K,   0% used [0x00000000cb200000, 0x00000000cb300000)
AC   0  F    TS     0 PTAMS 0x00000000cb300000 NTAMS 0x00000000cb300000 space 1024K,   0% used [0x00000000cb300000, 0x00000000cb400000)
AC   0  F    TS     0 PTAMS 0x00000000cb400000 NTAMS 0x00000000cb400000 space 1024K,   0% used [0x00000000cb400000, 0x00000000cb500000)
AC   0  F    TS     0 PTAMS 0x00000000cb500000 NTAMS 0x00000000cb500000 space 1024K,   0% used [0x00000000cb500000, 0x00000000cb600000)
AC   0  F    TS     0 PTAMS 0x00000000cb600000 NTAMS 0x00000000cb600000 space 1024K,   0% used [0x00000000cb600000, 0x00000000cb700000)
AC   0  F    TS     0 PTAMS 0x00000000cb700000 NTAMS 0x00000000cb700000 space 1024K,   0% used [0x00000000cb700000, 0x00000000cb800000)
AC   0  F    TS     0 PTAMS 0x00000000cb800000 NTAMS 0x00000000cb800000 space 1024K,   0% used [0x00000000cb800000, 0x00000000cb900000)
AC   0  F    TS     0 PTAMS 0x00000000cb900000 NTAMS 0x00000000cb900000 space 1024K,   0% used [0x00000000cb900000, 0x00000000cba00000)
AC   0  F    TS     0 PTAMS 0x00000000cba00000 NTAMS 0x00000000cba00000 space 1024K,   0% used [0x00000000cba00000, 0x00000000cbb00000)
AC   0  F    TS     0 PTAMS 0x00000000cbb00000 NTAMS 0x00000000cbb00000 space 1024K,   0% used [0x00000000cbb00000, 0x00000000cbc00000)
AC   0  F    TS     0 PTAMS 0x00000000cbc00000 NTAMS 0x00000000cbc00000 space 1024K,   0% used [0x00000000cbc00000, 0x00000000cbd00000)
AC   0  F    TS     0 PTAMS 0x00000000cbd00000 NTAMS 0x00000000cbd00000 space 1024K,   0% used [0x00000000cbd00000, 0x00000000cbe00000)
AC   0  F    TS     0 PTAMS 0x00000000cbe00000 NTAMS 0x00000000cbe00000 space 1024K,   0% used [0x00000000cbe00000, 0x00000000cbf00000)
AC   0  F    TS     0 PTAMS 0x00000000cbf00000 NTAMS 0x00000000cbf00000 space 1024K,   0% used [0x00000000cbf00000, 0x00000000cc000000)
AC   0  F    TS     0 PTAMS 0x00000000cc000000 NTAMS 0x00000000cc000000 space 1024K,   0% used [0x00000000cc000000, 0x00000000cc100000)
AC   0  F    TS     0 PTAMS 0x00000000cc100000 NTAMS 0x00000000cc100000 space 1024K,   0% used [0x00000000cc100000, 0x00000000cc200000)
AC   0  F    TS     0 PTAMS 0x00000000cc200000 NTAMS 0x00000000cc200000 space 1024K,   0% used [0x00000000cc200000, 0x00000000cc300000)
AC   0  F    TS     0 PTAMS 0x00000000cc300000 NTAMS 0x00000000cc300000 space 1024K,   0% used [0x00000000cc300000, 0x00000000cc400000)
AC   0  F    TS     0 PTAMS 0x00000000cc400000 NTAMS 0x00000000cc400000 space 1024K,   0% used [0x00000000cc400000, 0x00000000cc500000)
AC   0  F    TS     0 PTAMS 0x00000000cc500000 NTAMS 0x00000000cc500000 space 1024K,   0% used [0x00000000cc500000, 0x00000000cc600000)
AC   0  F    TS     0 PTAMS 0x00000000cc600000 NTAMS 0x00000000cc600000 space 1024K,   0% used [0x00000000cc600000, 0x00000000cc700000)
AC   0  F    TS     0 PTAMS 0x00000000cc700000 NTAMS 0x00000000cc700000 space 1024K,   0% used [0x00000000cc700000, 0x00000000cc800000)
AC   0  F    TS     0 PTAMS 0x00000000cc800000 NTAMS 0x00000000cc800000 space 1024K,   0% used [0x00000000cc800000, 0x00000000cc900000)
AC   0  F    TS     0 PTAMS 0x00000000cc900000 NTAMS 0x00000000cc900000 space 1024K,   0% used [0x00000000cc900000, 0x00000000cca00000)
AC   0  F    TS     0 PTAMS 0x00000000cca00000 NTAMS 0x00000000cca00000 space 1024K,   0% used [0x00000000cca00000, 0x00000000ccb00000)
AC   0  F    TS     0 PTAMS 0x00000000ccb00000 NTAMS 0x00000000ccb00000 space 1024K,   0% used [0x00000000ccb00000, 0x00000000ccc00000)
AC   0  F    TS     0 PTAMS 0x00000000ccc00000 NTAMS 0x00000000ccc00000 space 1024K,   0% used [0x00000000ccc00000, 0x00000000ccd00000)
AC   0  F    TS     0 PTAMS 0x00000000ccd00000 NTAMS 0x00000000ccd00000 space 1024K,   0% used [0x00000000ccd00000, 0x00000000cce00000)
AC   0  F    TS     0 PTAMS 0x00000000cce00000 NTAMS 0x00000000cce00000 space 1024K,   0% used [0x00000000cce00000, 0x00000000ccf00000)
AC   0  F    TS     0 PTAMS 0x00000000ccf00000 NTAMS 0x00000000ccf00000 space 1024K,   0% used [0x00000000ccf00000, 0x00000000cd000000)
AC   0  F    TS     0 PTAMS 0x00000000cd000000 NTAMS 0x00000000cd000000 space 1024K,   0% used [0x00000000cd000000, 0x00000000cd100000)
AC   0  F    TS     0 PTAMS 0x00000000cd100000 NTAMS 0x00000000cd100000 space 1024K,   0% used [0x00000000cd100000, 0x00000000cd200000)
AC   0  F    TS     0 PTAMS 0x00000000cd200000 NTAMS 0x00000000cd200000 space 1024K,   0% used [0x00000000cd200000, 0x00000000cd300000)
AC   0  F    TS     0 PTAMS 0x00000000cd300000 NTAMS 0x00000000cd300000 space 1024K,   0% used [0x00000000cd300000, 0x00000000cd400000)
AC   0  E    TS     0 PTAMS 0x00000000cd400000 NTAMS 0x00000000cd400000 space 1024K, 100% used [0x00000000cd400000, 0x00000000cd500000)
AC   0  E CS TS     0 PTAMS 0x00000000cd500000 NTAMS 0x00000000cd500000 space 1024K, 100% used [0x00000000cd500000, 0x00000000cd600000)
AC   0  E CS TS     0 PTAMS 0x00000000cd600000 NTAMS 0x00000000cd600000 space 1024K, 100% used [0x00000000cd600000, 0x00000000cd700000)
AC   0  E CS TS     0 PTAMS 0x00000000cd700000 NTAMS 0x00000000cd700000 space 1024K, 100% used [0x00000000cd700000, 0x00000000cd800000)
AC   0  E CS TS     0 PTAMS 0x00000000cd800000 NTAMS 0x00000000cd800000 space 1024K, 100% used [0x00000000cd800000, 0x00000000cd900000)
AC   0  E CS TS     0 PTAMS 0x00000000cd900000 NTAMS 0x00000000cd900000 space 1024K, 100% used [0x00000000cd900000, 0x00000000cda00000)
AC   0  E CS TS     0 PTAMS 0x00000000cda00000 NTAMS 0x00000000cda00000 space 1024K, 100% used [0x00000000cda00000, 0x00000000cdb00000)
AC   0  E CS TS     0 PTAMS 0x00000000cdb00000 NTAMS 0x00000000cdb00000 space 1024K, 100% used [0x00000000cdb00000, 0x00000000cdc00000)
AC   0  E CS TS     0 PTAMS 0x00000000cdc00000 NTAMS 0x00000000cdc00000 space 1024K, 100% used [0x00000000cdc00000, 0x00000000cdd00000)
AC   0  E CS TS     0 PTAMS 0x00000000cdd00000 NTAMS 0x00000000cdd00000 space 1024K, 100% used [0x00000000cdd00000, 0x00000000cde00000)
AC   0  E CS TS     0 PTAMS 0x00000000cde00000 NTAMS 0x00000000cde00000 space 1024K, 100% used [0x00000000cde00000, 0x00000000cdf00000)
AC   0  E CS TS     0 PTAMS 0x00000000cdf00000 NTAMS 0x00000000cdf00000 space 1024K, 100% used [0x00000000cdf00000, 0x00000000ce000000)
AC   0  E CS TS     0 PTAMS 0x00000000ce000000 NTAMS 0x00000000ce000000 space 1024K, 100% used [0x00000000ce000000, 0x00000000ce100000)
AC   0  E CS TS     0 PTAMS 0x00000000ce100000 NTAMS 0x00000000ce100000 space 1024K, 100% used [0x00000000ce100000, 0x00000000ce200000)
AC   0  E CS TS     0 PTAMS 0x00000000ce200000 NTAMS 0x00000000ce200000 space 1024K, 100% used [0x00000000ce200000, 0x00000000ce300000)
AC   0  E CS TS     0 PTAMS 0x00000000ce300000 NTAMS 0x00000000ce300000 space 1024K, 100% used [0x00000000ce300000, 0x00000000ce400000)
AC   0  E CS TS     0 PTAMS 0x00000000ce400000 NTAMS 0x00000000ce400000 space 1024K, 100% used [0x00000000ce400000, 0x00000000ce500000)
AC   0  E CS TS     0 PTAMS 0x00000000ce500000 NTAMS 0x00000000ce500000 space 1024K, 100% used [0x00000000ce500000, 0x00000000ce600000)
AC   0  E CS TS     0 PTAMS 0x00000000ce600000 NTAMS 0x00000000ce600000 space 1024K, 100% used [0x00000000ce600000, 0x00000000ce700000)
AC   0  E CS TS     0 PTAMS 0x00000000ce700000 NTAMS 0x00000000ce700000 space 1024K, 100% used [0x00000000ce700000, 0x00000000ce800000)
AC   0  E CS TS     0 PTAMS 0x00000000ce800000 NTAMS 0x00000000ce800000 space 1024K, 100% used [0x00000000ce800000, 0x00000000ce900000)
AC   0  E CS TS     0 PTAMS 0x00000000ce900000 NTAMS 0x00000000ce900000 space 1024K, 100% used [0x00000000ce900000, 0x00000000cea00000)
AC   0  E CS TS     0 PTAMS 0x00000000cea00000 NTAMS 0x00000000cea00000 space 1024K, 100% used [0x00000000cea00000, 0x00000000ceb00000)
AC   0  E CS TS     0 PTAMS 0x00000000ceb00000 NTAMS 0x00000000ceb00000 space 1024K, 100% used [0x00000000ceb00000, 0x00000000cec00000)
AC   0  S CS TS     0 PTAMS 0x00000000cec00000 NTAMS 0x00000000cec00000 space 1024K,  99% used [0x00000000cec00000, 0x00000000ced00000)
AC   0  S CS TS     0 PTAMS 0x00000000ced00000 NTAMS 0x00000000ced00000 space 1024K, 100% used [0x00000000ced00000, 0x00000000cee00000)
AC   0  S CS TS     0 PTAMS 0x00000000cee00000 NTAMS 0x00000000cee00000 space 1024K, 100% used [0x00000000cee00000, 0x00000000cef00000)
AC   0  S CS TS     0 PTAMS 0x00000000cef00000 NTAMS 0x00000000cef00000 space 1024K, 100% used [0x00000000cef00000, 0x00000000cf000000)
AC   0  S CS TS     0 PTAMS 0x00000000cf000000 NTAMS 0x00000000cf000000 space 1024K, 100% used [0x00000000cf000000, 0x00000000cf100000)
AC   0  E CS TS     0 PTAMS 0x00000000cf100000 NTAMS 0x00000000cf100000 space 1024K, 100% used [0x00000000cf100000, 0x00000000cf200000)
AC   0  E CS TS     0 PTAMS 0x00000000cf200000 NTAMS 0x00000000cf200000 space 1024K, 100% used [0x00000000cf200000, 0x00000000cf300000)
AC   0  E CS TS     0 PTAMS 0x00000000cf300000 NTAMS 0x00000000cf300000 space 1024K, 100% used [0x00000000cf300000, 0x00000000cf400000)
AC   0  E CS TS     0 PTAMS 0x00000000cf400000 NTAMS 0x00000000cf400000 space 1024K, 100% used [0x00000000cf400000, 0x00000000cf500000)
AC   0  E CS TS     0 PTAMS 0x00000000cf500000 NTAMS 0x00000000cf500000 space 1024K, 100% used [0x00000000cf500000, 0x00000000cf600000)
AC   0  E CS TS     0 PTAMS 0x00000000cf600000 NTAMS 0x00000000cf600000 space 1024K, 100% used [0x00000000cf600000, 0x00000000cf700000)
AC   0  E CS TS     0 PTAMS 0x00000000cf700000 NTAMS 0x00000000cf700000 space 1024K, 100% used [0x00000000cf700000, 0x00000000cf800000)
AC   0  E CS TS     0 PTAMS 0x00000000cf800000 NTAMS 0x00000000cf800000 space 1024K, 100% used [0x00000000cf800000, 0x00000000cf900000)
AC   0  E CS TS     0 PTAMS 0x00000000cf900000 NTAMS 0x00000000cf900000 space 1024K, 100% used [0x00000000cf900000, 0x00000000cfa00000)
AC   0  E CS TS     0 PTAMS 0x00000000cfa00000 NTAMS 0x00000000cfa00000 space 1024K, 100% used [0x00000000cfa00000, 0x00000000cfb00000)
AC   0  E CS TS     0 PTAMS 0x00000000cfb00000 NTAMS 0x00000000cfb00000 space 1024K, 100% used [0x00000000cfb00000, 0x00000000cfc00000)
AC   0  E CS TS     0 PTAMS 0x00000000cfc00000 NTAMS 0x00000000cfc00000 space 1024K, 100% used [0x00000000cfc00000, 0x00000000cfd00000)
AC   0  E CS TS     0 PTAMS 0x00000000cfd00000 NTAMS 0x00000000cfd00000 space 1024K, 100% used [0x00000000cfd00000, 0x00000000cfe00000)
AC   0  E CS TS     0 PTAMS 0x00000000cfe00000 NTAMS 0x00000000cfe00000 space 1024K, 100% used [0x00000000cfe00000, 0x00000000cff00000)
AC   0  E CS TS     0 PTAMS 0x00000000cff00000 NTAMS 0x00000000cff00000 space 1024K, 100% used [0x00000000cff00000, 0x00000000d0000000)

Card table byte_map: [0x0000000013f60000,0x0000000014160000] byte_map_base: 0x0000000013960000

Marking Bits (Prev, Next): (CMBitMap*) 0x00000000038d9b90, (CMBitMap*) 0x00000000038d9b38
 Prev Bits: [0x0000000015360000, 0x0000000016360000)
 Next Bits: [0x0000000014360000, 0x0000000015360000)

Polling page: 0x0000000002d90000

CodeCache: size=245760Kb used=19832Kb max_used=19832Kb free=225927Kb
 bounds [0x0000000003a60000, 0x0000000004de0000, 0x0000000012a60000]
 total_blobs=6207 nmethods=5364 adapters=753
 compilation: enabled

Compilation events (10 events):
Event: 60.076 Thread 0x0000000019668800 6437       4       java.util.ArrayList::ensureCapacityInternal (13 bytes)
Event: 60.076 Thread 0x0000000019669000 6438       4       java.util.ArrayList::calculateCapacity (16 bytes)
Event: 60.076 Thread 0x0000000019669000 nmethod 6438 0x00000000043095d0 code [0x0000000004309700, 0x0000000004309758]
Event: 60.081 Thread 0x0000000019668800 nmethod 6437 0x0000000004dc29d0 code [0x0000000004dc2b20, 0x0000000004dc2e78]
Event: 60.085 Thread 0x0000000019669000 6439       4       org.eclipse.e4.core.internal.contexts.EclipseContext::trackAccess (32 bytes)
Event: 60.085 Thread 0x0000000019684800 nmethod 6434 0x0000000004dc3010 code [0x0000000004dc3e40, 0x0000000004dd0ac8]
Event: 60.085 Thread 0x0000000019684800 6435       3       org.eclipse.ui.internal.ActionExpression$AbstractExpression::<init> (5 bytes)
Event: 60.086 Thread 0x0000000019684800 nmethod 6435 0x0000000004dc1090 code [0x0000000004dc1200, 0x0000000004dc1410]
Event: 60.086 Thread 0x0000000019684800 6436       3       org.eclipse.ui.internal.ActionExpression$AbstractExpression::<init> (10 bytes)
Event: 60.086 Thread 0x0000000019684800 nmethod 6436 0x0000000004dc0cd0 code [0x0000000004dc0e20, 0x0000000004dc0fd0]

GC Heap History (10 events):
Event: 10.133 GC heap before
{Heap before GC invocations=5 (full 0):
 garbage-first heap   total 262144K, used 46592K [0x00000000c0000000, 0x00000000c0100800, 0x0000000100000000)
  region size 1024K, 20 young (20480K), 5 survivors (5120K)
 Metaspace       used 19310K, capacity 21134K, committed 21296K, reserved 1069056K
  class space    used 2024K, capacity 2578K, committed 2688K, reserved 1048576K
Event: 10.154 GC heap after
Heap after GC invocations=6 (full 0):
 garbage-first heap   total 262144K, used 36864K [0x00000000c0000000, 0x00000000c0100800, 0x0000000100000000)
  region size 1024K, 10 young (10240K), 10 survivors (10240K)
 Metaspace       used 19310K, capacity 21134K, committed 21296K, reserved 1069056K
  class space    used 2024K, capacity 2578K, committed 2688K, reserved 1048576K
}
Event: 20.359 GC heap before
{Heap before GC invocations=7 (full 0):
 garbage-first heap   total 262144K, used 79359K [0x00000000c0000000, 0x00000000c0100800, 0x0000000100000000)
  region size 1024K, 57 young (58368K), 10 survivors (10240K)
 Metaspace       used 32524K, capacity 35868K, committed 36048K, reserved 1081344K
  class space    used 3943K, capacity 4866K, committed 4992K, reserved 1048576K
Event: 20.425 GC heap after
Heap after GC invocations=8 (full 0):
 garbage-first heap   total 262144K, used 44304K [0x00000000c0000000, 0x00000000c0100800, 0x0000000100000000)
  region size 1024K, 20 young (20480K), 20 survivors (20480K)
 Metaspace       used 32524K, capacity 35868K, committed 36048K, reserved 1081344K
  class space    used 3943K, capacity 4866K, committed 4992K, reserved 1048576K
}
Event: 49.151 GC heap before
{Heap before GC invocations=9 (full 0):
 garbage-first heap   total 262144K, used 180496K [0x00000000c0000000, 0x00000000c0100800, 0x0000000100000000)
  region size 1024K, 153 young (156672K), 20 survivors (20480K)
 Metaspace       used 49392K, capacity 55928K, committed 56060K, reserved 1097728K
  class space    used 6070K, capacity 7915K, committed 7936K, reserved 1048576K
Event: 49.271 GC heap after
Heap after GC invocations=10 (full 0):
 garbage-first heap   total 262144K, used 69446K [0x00000000c0000000, 0x00000000c0100800, 0x0000000100000000)
  region size 1024K, 20 young (20480K), 20 survivors (20480K)
 Metaspace       used 49392K, capacity 55928K, committed 56060K, reserved 1097728K
  class space    used 6070K, capacity 7915K, committed 7936K, reserved 1048576K
}
Event: 53.083 GC heap before
{Heap before GC invocations=10 (full 0):
 garbage-first heap   total 262144K, used 81734K [0x00000000c0000000, 0x00000000c0100800, 0x0000000100000000)
  region size 1024K, 32 young (32768K), 20 survivors (20480K)
 Metaspace       used 50565K, capacity 57164K, committed 57340K, reserved 1097728K
  class space    used 6235K, capacity 8121K, committed 8192K, reserved 1048576K
Event: 53.152 GC heap after
Heap after GC invocations=11 (full 0):
 garbage-first heap   total 262144K, used 73727K [0x00000000c0000000, 0x00000000c0100800, 0x0000000100000000)
  region size 1024K, 3 young (3072K), 3 survivors (3072K)
 Metaspace       used 50565K, capacity 57164K, committed 57340K, reserved 1097728K
  class space    used 6235K, capacity 8121K, committed 8192K, reserved 1048576K
}
Event: 55.662 GC heap before
{Heap before GC invocations=11 (full 0):
 garbage-first heap   total 262144K, used 84991K [0x00000000c0000000, 0x00000000c0100800, 0x0000000100000000)
  region size 1024K, 15 young (15360K), 3 survivors (3072K)
 Metaspace       used 53762K, capacity 60602K, committed 60636K, reserved 1101824K
  class space    used 6558K, capacity 8438K, committed 8448K, reserved 1048576K
Event: 55.678 GC heap after
Heap after GC invocations=12 (full 0):
 garbage-first heap   total 262144K, used 75775K [0x00000000c0000000, 0x00000000c0100800, 0x0000000100000000)
  region size 1024K, 5 young (5120K), 5 survivors (5120K)
 Metaspace       used 53762K, capacity 60602K, committed 60636K, reserved 1101824K
  class space    used 6558K, capacity 8438K, committed 8448K, reserved 1048576K
}

Deoptimization events (10 events):
Event: 58.550 Thread 0x00000000038a0800 Uncommon trap: reason=unstable_if action=reinterpret pc=0x0000000004871db0 method=com.sun.org.apache.xerces.internal.impl.XMLScanner.scanAttributeValue(Lcom/sun/org/apache/xerces/internal/xni/XMLString;Lcom/sun/org/apache/xerces/internal/xni/XMLString;Lja
Event: 58.572 Thread 0x00000000038a0800 Uncommon trap: reason=class_check action=maybe_recompile pc=0x0000000004d9e778 method=com.sun.org.apache.xerces.internal.dom.NamedNodeMapImpl.findNamePoint(Ljava/lang/String;I)I @ 54
Event: 58.572 Thread 0x00000000038a0800 Uncommon trap: reason=class_check action=maybe_recompile pc=0x0000000004d9e778 method=com.sun.org.apache.xerces.internal.dom.NamedNodeMapImpl.findNamePoint(Ljava/lang/String;I)I @ 54
Event: 58.572 Thread 0x00000000038a0800 Uncommon trap: reason=class_check action=maybe_recompile pc=0x0000000004d9e778 method=com.sun.org.apache.xerces.internal.dom.NamedNodeMapImpl.findNamePoint(Ljava/lang/String;I)I @ 54
Event: 58.572 Thread 0x00000000038a0800 Uncommon trap: reason=class_check action=maybe_recompile pc=0x0000000004d9e778 method=com.sun.org.apache.xerces.internal.dom.NamedNodeMapImpl.findNamePoint(Ljava/lang/String;I)I @ 54
Event: 58.594 Thread 0x000000001b307800 Uncommon trap: reason=null_check action=make_not_entrant pc=0x00000000048638c8 method=org.eclipse.e4.core.internal.contexts.EclipseContext.getCalculatedComputations()Ljava/util/Stack; @ 6
Event: 59.182 Thread 0x00000000038a0800 Uncommon trap: reason=unstable_if action=reinterpret pc=0x000000000495f158 method=java.lang.Character.isHighSurrogate(C)Z @ 3
Event: 59.183 Thread 0x00000000038a0800 Uncommon trap: reason=unstable_if action=reinterpret pc=0x0000000004712ba8 method=java.lang.Character.isHighSurrogate(C)Z @ 3
Event: 59.551 Thread 0x00000000038a0800 Uncommon trap: reason=unstable_if action=reinterpret pc=0x000000000410438c method=org.eclipse.osgi.internal.loader.BundleLoader.getPackageName(Ljava/lang/String;)Ljava/lang/String; @ 12
Event: 60.022 Thread 0x00000000038a0800 Uncommon trap: reason=bimorphic action=maybe_recompile pc=0x00000000049fc0f0 method=java.util.AbstractCollection.addAll(Ljava/util/Collection;)Z @ 29

Classes redefined (0 events):
No events

Internal exceptions (10 events):
Event: 58.237 Thread 0x00000000038a0800 Exception <a 'java/lang/ArrayIndexOutOfBoundsException': 18> (0x00000000ce1f5f18) thrown at [C:\re\workspace\8-2-build-windows-amd64-cygwin\jdk8u171\10807\hotspot\src\share\vm\interpreter\interpreterRuntime.cpp, line 366]
Event: 58.238 Thread 0x00000000038a0800 Exception <a 'java/lang/ArrayIndexOutOfBoundsException': 11> (0x00000000ce1fa7e0) thrown at [C:\re\workspace\8-2-build-windows-amd64-cygwin\jdk8u171\10807\hotspot\src\share\vm\interpreter\interpreterRuntime.cpp, line 366]
Event: 58.240 Thread 0x00000000038a0800 Exception <a 'java/lang/ArrayIndexOutOfBoundsException': 40> (0x00000000ce1ff6f8) thrown at [C:\re\workspace\8-2-build-windows-amd64-cygwin\jdk8u171\10807\hotspot\src\share\vm\interpreter\interpreterRuntime.cpp, line 366]
Event: 58.240 Thread 0x00000000038a0800 Exception <a 'java/lang/ArrayIndexOutOfBoundsException': 11> (0x00000000ce004028) thrown at [C:\re\workspace\8-2-build-windows-amd64-cygwin\jdk8u171\10807\hotspot\src\share\vm\interpreter\interpreterRuntime.cpp, line 366]
Event: 58.242 Thread 0x00000000038a0800 Exception <a 'java/lang/ArrayIndexOutOfBoundsException': 18> (0x00000000ce008c30) thrown at [C:\re\workspace\8-2-build-windows-amd64-cygwin\jdk8u171\10807\hotspot\src\share\vm\interpreter\interpreterRuntime.cpp, line 366]
Event: 58.243 Thread 0x00000000038a0800 Exception <a 'java/lang/ArrayIndexOutOfBoundsException': 44> (0x00000000ce00d938) thrown at [C:\re\workspace\8-2-build-windows-amd64-cygwin\jdk8u171\10807\hotspot\src\share\vm\interpreter\interpreterRuntime.cpp, line 366]
Event: 58.244 Thread 0x00000000038a0800 Exception <a 'java/lang/ArrayIndexOutOfBoundsException': 38> (0x00000000ce012868) thrown at [C:\re\workspace\8-2-build-windows-amd64-cygwin\jdk8u171\10807\hotspot\src\share\vm\interpreter\interpreterRuntime.cpp, line 366]
Event: 58.594 Thread 0x000000001b307800 Implicit null exception at 0x0000000004863264 to 0x00000000048638b9
Event: 59.221 Thread 0x00000000038a0800 Exception <a 'java/io/FileNotFoundException'> (0x00000000cd9f9a80) thrown at [C:\re\workspace\8-2-build-windows-amd64-cygwin\jdk8u171\10807\hotspot\src\share\vm\prims\jni.cpp, line 709]
Event: 59.766 Thread 0x00000000038a0800 Exception <a 'java/io/FileNotFoundException'> (0x00000000cd796220) thrown at [C:\re\workspace\8-2-build-windows-amd64-cygwin\jdk8u171\10807\hotspot\src\share\vm\prims\jni.cpp, line 709]

Events (10 events):
Event: 60.037 loading class org/eclipse/jface/viewers/Viewer
Event: 60.037 loading class org/eclipse/jface/viewers/Viewer done
Event: 60.037 loading class org/eclipse/jface/viewers/TreePathViewerSorter
Event: 60.037 loading class org/eclipse/jface/viewers/TreePathViewerSorter done
Event: 60.186 Executing VM operation: RevokeBias
Event: 60.186 Executing VM operation: RevokeBias done
Event: 60.304 Executing VM operation: RevokeBias
Event: 60.304 Executing VM operation: RevokeBias done
Event: 60.307 Executing VM operation: RevokeBias
Event: 60.307 Executing VM operation: RevokeBias done


Dynamic libraries:
0x00007ff77edd0000 - 0x00007ff77ee3a000 	C:\eclipse\eclipse.exe
0x00007ff920720000 - 0x00007ff920901000 	C:\WINDOWS\SYSTEM32\ntdll.dll
0x00007ff920030000 - 0x00007ff9200e2000 	C:\WINDOWS\System32\KERNEL32.DLL
0x00007ff91d610000 - 0x00007ff91d883000 	C:\WINDOWS\System32\KERNELBASE.dll
0x00007ff920500000 - 0x00007ff920690000 	C:\WINDOWS\System32\USER32.dll
0x00007ff91db90000 - 0x00007ff91dbb0000 	C:\WINDOWS\System32\win32u.dll
0x00007ff9202e0000 - 0x00007ff920308000 	C:\WINDOWS\System32\GDI32.dll
0x00007ff91cc70000 - 0x00007ff91ce02000 	C:\WINDOWS\System32\gdi32full.dll
0x00007ff91d570000 - 0x00007ff91d60f000 	C:\WINDOWS\System32\msvcp_win.dll
0x00007ff91cb70000 - 0x00007ff91cc68000 	C:\WINDOWS\System32\ucrtbase.dll
0x00007ff9178a0000 - 0x00007ff917b09000 	C:\WINDOWS\WinSxS\amd64_microsoft.windows.common-controls_6595b64144ccf1df_6.0.17134.648_none_fb45a0e93062a6d2\COMCTL32.dll
0x00007ff91f810000 - 0x00007ff91f8ae000 	C:\WINDOWS\System32\msvcrt.dll
0x00007ff91f0f0000 - 0x00007ff91f412000 	C:\WINDOWS\System32\combase.dll
0x00007ff91f680000 - 0x00007ff91f7a4000 	C:\WINDOWS\System32\RPCRT4.dll
0x00007ff91caf0000 - 0x00007ff91cb6a000 	C:\WINDOWS\System32\bcryptPrimitives.dll
0x00007ff91f0c0000 - 0x00007ff91f0ed000 	C:\WINDOWS\System32\IMM32.DLL
0x00007ff907f00000 - 0x00007ff907f29000 	C:\eclipse\plugins\org.eclipse.equinox.launcher.win32.win32.x86_64_1.1.900.v20180922-1751\eclipse_1801.dll
0x00007ff91f5d0000 - 0x00007ff91f671000 	C:\WINDOWS\System32\ADVAPI32.dll
0x00007ff920690000 - 0x00007ff9206eb000 	C:\WINDOWS\System32\sechost.dll
0x00007ff912010000 - 0x00007ff91201a000 	C:\WINDOWS\SYSTEM32\VERSION.dll
0x00007ff91aa70000 - 0x00007ff91ab08000 	C:\WINDOWS\system32\uxtheme.dll
0x00007ff9200f0000 - 0x00007ff920263000 	C:\WINDOWS\System32\MSCTF.dll
0x00007ff91dbb0000 - 0x00007ff91dc73000 	C:\WINDOWS\System32\OLEAUT32.dll
0x00007ff91cad0000 - 0x00007ff91cae1000 	C:\WINDOWS\System32\kernel.appcore.dll
0x00007ff910e70000 - 0x00007ff910f06000 	C:\WINDOWS\System32\TextInputFramework.dll
0x00007ff910ad0000 - 0x00007ff910dee000 	C:\WINDOWS\System32\CoreUIComponents.dll
0x00007ff91a3c0000 - 0x00007ff91a49a000 	C:\WINDOWS\System32\CoreMessaging.dll
0x00007ff91f930000 - 0x00007ff91f9d9000 	C:\WINDOWS\System32\SHCORE.dll
0x00007ff91bb20000 - 0x00007ff91bb51000 	C:\WINDOWS\SYSTEM32\ntmarta.dll
0x00007ff918d60000 - 0x00007ff918ead000 	C:\WINDOWS\SYSTEM32\wintypes.dll
0x00007ff91ad00000 - 0x00007ff91ad29000 	C:\WINDOWS\system32\dwmapi.dll
0x00007ff906ec0000 - 0x00007ff906f2b000 	C:\WINDOWS\system32\Oleacc.dll
0x000000006e180000 - 0x000000006ea20000 	C:\Program Files\Java\jdk1.8.0_171\jre\bin\server\jvm.dll
0x00007ff920330000 - 0x00007ff920338000 	C:\WINDOWS\System32\PSAPI.DLL
0x00007ff9114c0000 - 0x00007ff9114e3000 	C:\WINDOWS\SYSTEM32\WINMM.dll
0x00007ff9113c0000 - 0x00007ff9113c9000 	C:\WINDOWS\SYSTEM32\WSOCK32.dll
0x00007ff920430000 - 0x00007ff92049c000 	C:\WINDOWS\System32\WS2_32.dll
0x00007ff911490000 - 0x00007ff9114ba000 	C:\WINDOWS\SYSTEM32\WINMMBASE.dll
0x00007ff91ce10000 - 0x00007ff91ce59000 	C:\WINDOWS\System32\cfgmgr32.dll
0x000000006ea20000 - 0x000000006eaf2000 	C:\WINDOWS\SYSTEM32\MSVCR100.dll
0x000000006e170000 - 0x000000006e17f000 	C:\Program Files\Java\jdk1.8.0_171\jre\bin\verify.dll
0x000000006e140000 - 0x000000006e169000 	C:\Program Files\Java\jdk1.8.0_171\jre\bin\java.dll
0x000000006e120000 - 0x000000006e136000 	C:\Program Files\Java\jdk1.8.0_171\jre\bin\zip.dll
0x00007ff91dc80000 - 0x00007ff91f0c0000 	C:\WINDOWS\System32\SHELL32.dll
0x00007ff91ce60000 - 0x00007ff91d56d000 	C:\WINDOWS\System32\windows.storage.dll
0x00007ff920280000 - 0x00007ff9202d1000 	C:\WINDOWS\System32\shlwapi.dll
0x00007ff91ca60000 - 0x00007ff91ca7f000 	C:\WINDOWS\System32\profapi.dll
0x00007ff91ca80000 - 0x00007ff91cacc000 	C:\WINDOWS\System32\powrprof.dll
0x00007ff91ca30000 - 0x00007ff91ca3a000 	C:\WINDOWS\System32\FLTLIB.DLL
0x00007ff91c460000 - 0x00007ff91c477000 	C:\WINDOWS\SYSTEM32\CRYPTSP.dll
0x00007ff91be90000 - 0x00007ff91bec3000 	C:\WINDOWS\system32\rsaenh.dll
0x00007ff91c590000 - 0x00007ff91c5b5000 	C:\WINDOWS\SYSTEM32\bcrypt.dll
0x00007ff91c930000 - 0x00007ff91c958000 	C:\WINDOWS\SYSTEM32\USERENV.dll
0x00007ff91c480000 - 0x00007ff91c48b000 	C:\WINDOWS\SYSTEM32\CRYPTBASE.dll
0x000000006e100000 - 0x000000006e11a000 	C:\Program Files\Java\jdk1.8.0_171\jre\bin\net.dll
0x00007ff91c2b0000 - 0x00007ff91c316000 	C:\WINDOWS\system32\mswsock.dll
0x00007ff91c030000 - 0x00007ff91c068000 	C:\WINDOWS\SYSTEM32\IPHLPAPI.DLL
0x00007ff920270000 - 0x00007ff920278000 	C:\WINDOWS\System32\NSI.dll
0x00007ff914530000 - 0x00007ff914546000 	C:\WINDOWS\SYSTEM32\dhcpcsvc6.DLL
0x00007ff914660000 - 0x00007ff91467a000 	C:\WINDOWS\SYSTEM32\dhcpcsvc.DLL
0x000000006e0e0000 - 0x000000006e0f1000 	C:\Program Files\Java\jdk1.8.0_171\jre\bin\nio.dll
0x00007ff91fa80000 - 0x00007ff91fbd1000 	C:\WINDOWS\System32\ole32.dll
0x00007ff91f9e0000 - 0x00007ff91fa80000 	C:\WINDOWS\System32\clbcatq.dll
0x00007ff9112e0000 - 0x00007ff9113b1000 	C:\Windows\System32\IME\IMEKR\imkrtip.dll
0x00007ff91b560000 - 0x00007ff91b714000 	C:\WINDOWS\SYSTEM32\PROPSYS.dll
0x00007ff907140000 - 0x00007ff907296000 	C:\Windows\System32\IME\shared\imetip.dll
0x00007ff906c70000 - 0x00007ff906e1b000 	C:\WINDOWS\SYSTEM32\DUI70.dll
0x00007ff9168e0000 - 0x00007ff91691d000 	C:\Windows\System32\IME\IMEKR\imkrapi.dll
0x00007ff9168a0000 - 0x00007ff9168e0000 	C:\Windows\System32\IME\shared\imjkapi.dll
0x00007ff8f7250000 - 0x00007ff8f72e3000 	C:\eclipse\configuration\org.eclipse.osgi\725\0\.cp\swt-win32-4922r32.dll
0x00007ff920340000 - 0x00007ff92042d000 	C:\WINDOWS\System32\COMDLG32.dll
0x00007ff91d8f0000 - 0x00007ff91dad2000 	C:\WINDOWS\System32\CRYPT32.dll
0x00007ff91ca40000 - 0x00007ff91ca52000 	C:\WINDOWS\System32\MSASN1.dll
0x00007ff8fc6a0000 - 0x00007ff8fc725000 	C:\WINDOWS\SYSTEM32\WINSPOOL.DRV
0x00007ff918900000 - 0x00007ff918919000 	C:\WINDOWS\SYSTEM32\USP10.dll
0x00007ff911660000 - 0x00007ff911b1d000 	C:\WINDOWS\SYSTEM32\WININET.dll
0x00007ff90e700000 - 0x00007ff90e8c8000 	C:\WINDOWS\SYSTEM32\urlmon.dll
0x00007ff90f640000 - 0x00007ff90f8e5000 	C:\WINDOWS\SYSTEM32\iertutil.dll
0x00007ff918930000 - 0x00007ff918937000 	C:\WINDOWS\SYSTEM32\MSIMG32.dll
0x00007ff8fa0a0000 - 0x00007ff8fa0ad000 	C:\WINDOWS\SYSTEM32\LINKINFO.dll
0x00007ff906040000 - 0x00007ff906067000 	C:\eclipse\configuration\org.eclipse.osgi\725\0\.cp\swt-gdip-win32-4922r32.dll
0x00007ff908b00000 - 0x00007ff908c9b000 	C:\WINDOWS\WinSxS\amd64_microsoft.windows.gdiplus_6595b64144ccf1df_1.1.17134.648_none_2c3093ce8af520a0\gdiplus.dll
0x00007ff90ebb0000 - 0x00007ff90ed5e000 	C:\WINDOWS\SYSTEM32\WindowsCodecs.dll
0x00007ff8f3e30000 - 0x00007ff8f3e6f000 	C:\WINDOWS\system32\mlang.dll
0x0000000180000000 - 0x0000000180012000 	C:\eclipse\configuration\org.eclipse.osgi\113\0\.cp\os\win32\x86_64\localfile_1_0_0.dll
0x00007ff90bd80000 - 0x00007ff90bd96000 	C:\WINDOWS\system32\napinsp.dll
0x00007ff90bd60000 - 0x00007ff90bd7a000 	C:\WINDOWS\system32\pnrpnsp.dll
0x00007ff9170a0000 - 0x00007ff9170b9000 	C:\WINDOWS\system32\NLAapi.dll
0x00007ff91c070000 - 0x00007ff91c12e000 	C:\WINDOWS\SYSTEM32\DNSAPI.dll
0x00007ff90bd50000 - 0x00007ff90bd5e000 	C:\WINDOWS\System32\winrnr.dll
0x00007ff917620000 - 0x00007ff917635000 	C:\WINDOWS\System32\wshbth.dll
0x00007ff914690000 - 0x00007ff91469a000 	C:\Windows\System32\rasadhlp.dll
0x00007ff9135a0000 - 0x00007ff913612000 	C:\WINDOWS\System32\fwpuclnt.dll
0x00007ff90a9a0000 - 0x00007ff90a9b1000 	C:\eclipse\configuration\org.eclipse.osgi\116\0\.cp\jWinHttp-1.0.0.dll
0x00007ff9133d0000 - 0x00007ff9134ad000 	C:\WINDOWS\SYSTEM32\WINHTTP.dll
0x000000006e0b0000 - 0x000000006e0d4000 	C:\Program Files\Java\jdk1.8.0_171\jre\bin\sunec.dll
0x00007ff8e9910000 - 0x00007ff8ea542000 	C:\Windows\System32\ieframe.dll
0x00007ff90ba50000 - 0x00007ff90ba67000 	C:\Windows\System32\NETAPI32.dll
0x00007ff917640000 - 0x00007ff917657000 	C:\Windows\System32\WKSCLI.DLL
0x00007ff91c130000 - 0x00007ff91c13e000 	C:\Windows\System32\NETUTILS.DLL
0x00007ff91f8b0000 - 0x00007ff91f924000 	C:\WINDOWS\System32\coml2.dll
0x00007ff8fbfa0000 - 0x00007ff8fbff8000 	C:\WINDOWS\system32\dataexchange.dll
0x00007ff919ae0000 - 0x00007ff919deb000 	C:\WINDOWS\system32\d3d11.dll
0x00007ff91a220000 - 0x00007ff91a3bc000 	C:\WINDOWS\system32\dcomp.dll
0x00007ff91b7f0000 - 0x00007ff91b8ab000 	C:\WINDOWS\system32\dxgi.dll
0x00007ff91ae40000 - 0x00007ff91aff8000 	C:\WINDOWS\system32\twinapi.appcore.dll
0x00007ff91ade0000 - 0x00007ff91ae09000 	C:\WINDOWS\system32\RMCLIENT.dll
0x00007ff91c890000 - 0x00007ff91c92a000 	C:\WINDOWS\SYSTEM32\sxs.dll
0x00007ff916430000 - 0x00007ff916480000 	C:\WINDOWS\SYSTEM32\msIso.dll
0x00007ff8d8700000 - 0x00007ff8d9cc7000 	C:\Windows\System32\mshtml.dll
0x00007ff91c960000 - 0x00007ff91c990000 	C:\WINDOWS\SYSTEM32\SspiCli.dll
0x00007ff8f3d80000 - 0x00007ff8f3da9000 	C:\Windows\System32\srpapi.dll
0x00007ff91c500000 - 0x00007ff91c518000 	C:\WINDOWS\SYSTEM32\WLDP.DLL
0x00007ff91d890000 - 0x00007ff91d8e7000 	C:\WINDOWS\System32\WINTRUST.dll
0x00007ff8f2fe0000 - 0x00007ff8f316a000 	C:\Windows\System32\ieapfltr.dll
0x00007ff8e8b60000 - 0x00007ff8e900c000 	C:\Windows\System32\jscript9.dll

VM Arguments:
jvm_args: -Dosgi.requiredJavaVersion=1.8 -Dosgi.instance.area.default=@user.home/eclipse-workspace -XX:+UseG1GC -XX:+UseStringDeduplication -Dosgi.requiredJavaVersion=1.8 -Dosgi.dataAreaRequiresExplicitInit=true -Xms256m -Xmx1024m 
java_command: <unknown>
java_class_path (initial): C:\eclipse\\plugins/org.eclipse.equinox.launcher_1.5.200.v20180922-1751.jar
Launcher Type: generic

Environment Variables:
JAVA_HOME=C:\Program Files\Java\jdk1.8.0_171
PATH=C:/Program Files/Java/jdk1.8.0_171/bin/../jre/bin/server;C:/Program Files/Java/jdk1.8.0_171/bin/../jre/bin;C:/Program Files/Java/jdk1.8.0_171/bin/../jre/lib/amd64;C:\Program Files\Java\jdk1.8.0_171\bin;C:\Program Files (x86)\Common Files\Oracle\Java\javapath;C:\WINDOWS\system32;C:\WINDOWS;C:\WINDOWS\System32\Wbem;C:\WINDOWS\System32\WindowsPowerShell\v1.0\;C:\WINDOWS\System32\OpenSSH\;C:\Bitnami\wampstack-7.1.26-1\mysql\bin;C:\Program Files\Git\cmd;C:\Program Files\Microsoft VS Code\bin;C:\Users\chaelin\AppData\Local\Programs\Python\Python37-32\Scripts\;C:\Users\chaelin\AppData\Local\Programs\Python\Python37-32\;C:\Users\chaelin\AppData\Local\Microsoft\WindowsApps;;C:\eclipse;
USERNAME=chaelin
OS=Windows_NT
PROCESSOR_IDENTIFIER=Intel64 Family 6 Model 58 Stepping 9, GenuineIntel



---------------  S Y S T E M  ---------------

OS: Windows 10.0 , 64 bit Build 17134 (10.0.17134.648)

CPU:total 4 (initial active 4) (2 cores per cpu, 2 threads per core) family 6 model 58 stepping 9, cmov, cx8, fxsr, mmx, sse, sse2, sse3, ssse3, sse4.1, sse4.2, popcnt, avx, aes, clmul, erms, ht, tsc, tscinvbit, tscinv

Memory: 4k page, physical 4077116k(194568k free), swap 11973060k(9612k free)

vm_info: Java HotSpot(TM) 64-Bit Server VM (25.171-b11) for windows-amd64 JRE (1.8.0_171-b11), built on Mar 28 2018 16:06:12 by "java_re" with MS VC++ 10.0 (VS2010)

time: Fri May 03 10:26:15 2019
elapsed time: 60 seconds (0d 0h 1m 0s)

